TN:
SF:/Users/mac/Desktop/redis-test/app.js
FN:13,(anonymous_0)
FN:20,(anonymous_1)
FN:27,(anonymous_2)
FNF:3
FNH:1
FNDA:0,(anonymous_0)
FNDA:0,(anonymous_1)
FNDA:1,(anonymous_2)
DA:1,1
DA:2,1
DA:3,1
DA:5,1
DA:8,1
DA:9,1
DA:10,1
DA:13,1
DA:14,0
DA:20,1
DA:25,1
DA:27,1
DA:29,1
LF:13
LH:12
BRDA:25,0,0,1
BRDA:25,0,1,1
BRF:2
BRH:2
end_of_record
TN:
SF:/Users/mac/Desktop/redis-test/src/controllers/AuthController.js
FN:21,(anonymous_5)
FN:46,(anonymous_10)
FN:49,(anonymous_11)
FN:57,(anonymous_12)
FNF:4
FNH:4
FNDA:1,(anonymous_5)
FNDA:2,(anonymous_10)
FNDA:2,(anonymous_11)
FNDA:2,(anonymous_12)
DA:1,1
DA:2,1
DA:3,1
DA:4,1
DA:5,1
DA:7,1
DA:21,1
DA:22,1
DA:34,0
DA:46,2
DA:47,2
DA:49,2
DA:51,2
DA:52,2
DA:54,2
DA:55,2
DA:57,2
DA:58,2
DA:70,0
DA:77,0
DA:84,0
DA:92,1
LF:22
LH:18
BRDA:47,0,0,2
BRDA:47,0,1,0
BRDA:51,1,0,2
BRDA:51,1,1,0
BRF:4
BRH:2
end_of_record
TN:
SF:/Users/mac/Desktop/redis-test/src/controllers/TraineeController.js
FN:6,addTrainee
FN:12,(anonymous_3)
FN:23,(anonymous_4)
FN:41,getATrainee
FN:45,(anonymous_6)
FN:52,(anonymous_7)
FN:69,editATrainee
FN:75,(anonymous_9)
FN:86,(anonymous_10)
FN:107,(anonymous_14)
FN:107,_callee2
FN:109,(anonymous_17)
FN:109,_callee
FN:110,(anonymous_20)
FN:111,(anonymous_21)
FN:144,(anonymous_28)
FN:151,(anonymous_29)
FNF:17
FNH:5
FNDA:1,addTrainee
FNDA:1,(anonymous_3)
FNDA:1,(anonymous_4)
FNDA:0,getATrainee
FNDA:0,(anonymous_6)
FNDA:0,(anonymous_7)
FNDA:1,editATrainee
FNDA:1,(anonymous_9)
FNDA:0,(anonymous_10)
FNDA:0,(anonymous_14)
FNDA:0,_callee2
FNDA:0,(anonymous_17)
FNDA:0,_callee
FNDA:0,(anonymous_20)
FNDA:0,(anonymous_21)
FNDA:0,(anonymous_28)
FNDA:0,(anonymous_29)
DA:1,1
DA:2,1
DA:7,1
DA:8,1
DA:9,1
DA:10,1
DA:12,1
DA:14,1
DA:15,0
DA:20,1
DA:23,1
DA:24,1
DA:33,0
DA:43,0
DA:44,0
DA:45,0
DA:46,0
DA:47,0
DA:52,0
DA:53,0
DA:62,0
DA:70,1
DA:71,1
DA:72,1
DA:73,1
DA:75,1
DA:76,1
DA:77,1
DA:82,0
DA:83,0
DA:86,0
DA:87,0
DA:96,0
DA:107,0
DA:108,0
DA:109,0
DA:111,0
DA:112,0
DA:113,0
DA:144,0
DA:145,0
DA:146,0
DA:151,0
DA:152,0
DA:168,1
LF:45
LH:19
BRDA:14,0,0,0
BRDA:14,0,1,1
BRDA:46,1,0,0
BRDA:46,1,1,0
BRDA:76,2,0,1
BRDA:76,2,1,0
BRDA:107,3,0,0
BRDA:107,3,1,0
BRDA:107,3,2,0
BRDA:107,3,3,0
BRDA:107,3,4,0
BRDA:109,4,0,0
BRDA:109,4,1,0
BRDA:109,4,2,0
BRDA:112,5,0,0
BRDA:112,5,1,0
BRDA:107,6,0,0
BRDA:107,6,1,0
BRDA:145,7,0,0
BRDA:145,7,1,0
BRF:20
BRH:2
end_of_record
TN:
SF:/Users/mac/Desktop/redis-test/src/helpers/helper.js
FN:3,hashPassword
FNF:1
FNH:1
FNDA:1,hashPassword
DA:1,1
DA:3,1
DA:4,1
DA:5,1
DA:6,1
LF:5
LH:5
BRF:0
BRH:0
end_of_record
TN:
SF:/Users/mac/Desktop/redis-test/src/middlewares/authentication.js
FN:6,(anonymous_0)
FN:6,_callee
FN:6,authenticate
FNF:3
FNH:3
FNDA:1,(anonymous_0)
FNDA:4,_callee
FNDA:2,authenticate
DA:1,1
DA:2,1
DA:4,1
DA:6,16
DA:8,2
DA:15,2
DA:16,2
DA:17,2
DA:18,2
DA:19,2
DA:21,0
DA:28,1
LF:12
LH:11
BRDA:6,0,0,2
BRDA:6,0,1,2
BRDA:6,0,2,2
BRDA:6,0,3,2
BRDA:8,1,0,2
BRDA:8,1,1,0
BRDA:8,1,2,0
BRDA:6,2,0,2
BRDA:6,2,1,0
BRF:9
BRH:6
end_of_record
TN:
SF:/Users/mac/Desktop/redis-test/src/middlewares/generateToken.js
FN:9,generateToken
FN:13,verifyToken
FNF:2
FNH:1
FNDA:3,generateToken
FNDA:0,verifyToken
DA:1,1
DA:2,1
DA:5,1
DA:10,3
DA:14,0
LF:5
LH:4
BRF:0
BRH:0
end_of_record
TN:
SF:/Users/mac/Desktop/redis-test/src/middlewares/validators/authValidator.js
FNF:0
FNH:0
DA:1,1
DA:3,1
DA:35,1
LF:3
LH:3
BRF:0
BRH:0
end_of_record
TN:
SF:/Users/mac/Desktop/redis-test/src/middlewares/validators/paramValidator.js
FNF:0
FNH:0
DA:1,1
DA:3,1
DA:11,1
LF:3
LH:3
BRF:0
BRH:0
end_of_record
TN:
SF:/Users/mac/Desktop/redis-test/src/middlewares/validators/traineeValidator.js
FNF:0
FNH:0
DA:1,1
DA:3,1
DA:45,1
LF:3
LH:3
BRF:0
BRH:0
end_of_record
TN:
SF:/Users/mac/Desktop/redis-test/src/middlewares/validators/validate.js
FN:3,validate
FN:4,errorFormatter
FNF:2
FNH:2
FNDA:15,validate
FNDA:10,errorFormatter
DA:1,1
DA:3,1
DA:4,25
DA:5,15
DA:7,15
DA:8,10
DA:10,10
DA:15,5
DA:18,1
LF:9
LH:9
BRDA:7,0,0,10
BRDA:7,0,1,5
BRF:2
BRH:2
end_of_record
TN:
SF:/Users/mac/Desktop/redis-test/src/redis/connection.js
FN:7,(anonymous_0)
FNF:1
FNH:1
FNDA:1,(anonymous_0)
DA:1,1
DA:4,1
DA:6,1
DA:7,1
DA:8,1
DA:11,1
LF:6
LH:6
BRF:0
BRH:0
end_of_record
TN:
SF:/Users/mac/Desktop/redis-test/src/routes/authRoute.js
FNF:0
FNH:0
DA:1,1
DA:2,1
DA:3,1
DA:4,1
DA:6,1
DA:10,1
DA:13,1
DA:15,1
DA:22,1
DA:30,1
LF:10
LH:10
BRF:0
BRH:0
end_of_record
TN:
SF:/Users/mac/Desktop/redis-test/src/routes/index.js
FNF:0
FNH:0
DA:1,1
DA:2,1
DA:3,1
DA:6,1
DA:8,1
DA:9,1
DA:11,1
LF:7
LH:7
BRF:0
BRH:0
end_of_record
TN:
SF:/Users/mac/Desktop/redis-test/src/routes/traineeRoute.js
FNF:0
FNH:0
DA:1,1
DA:2,1
DA:3,1
DA:4,1
DA:5,1
DA:6,1
DA:13,1
DA:18,1
DA:20,1
DA:22,1
DA:24,1
DA:33,1
DA:39,1
DA:43,1
DA:53,1
DA:59,1
LF:16
LH:16
BRF:0
BRH:0
end_of_record
TN:
SF:/Users/mac/Desktop/redis-test/src/test/auth.spec.js
FN:10,(anonymous_0)
FN:16,(anonymous_1)
FN:21,(anonymous_2)
FN:34,(anonymous_3)
FN:44,(anonymous_4)
FN:50,(anonymous_5)
FN:60,(anonymous_6)
FN:66,(anonymous_7)
FN:76,(anonymous_8)
FN:88,(anonymous_9)
FN:93,(anonymous_10)
FNF:11
FNH:9
FNDA:1,(anonymous_0)
FNDA:1,(anonymous_1)
FNDA:1,(anonymous_2)
FNDA:1,(anonymous_3)
FNDA:1,(anonymous_4)
FNDA:1,(anonymous_5)
FNDA:1,(anonymous_6)
FNDA:0,(anonymous_7)
FNDA:0,(anonymous_8)
FNDA:1,(anonymous_9)
FNDA:1,(anonymous_10)
DA:1,1
DA:2,1
DA:4,1
DA:6,1
DA:7,1
DA:8,1
DA:10,1
DA:11,1
DA:16,1
DA:17,1
DA:22,1
DA:23,1
DA:24,1
DA:25,1
DA:26,1
DA:27,1
DA:28,1
DA:29,1
DA:30,1
DA:34,1
DA:35,1
DA:40,1
DA:45,1
DA:46,1
DA:47,1
DA:50,1
DA:51,1
DA:56,1
DA:61,1
DA:62,1
DA:63,1
DA:66,1
DA:67,0
DA:72,0
DA:77,0
DA:78,0
DA:79,0
DA:84,1
DA:88,1
DA:89,1
DA:94,1
DA:95,1
DA:96,1
DA:97,1
DA:98,1
DA:99,1
DA:100,1
DA:101,1
LF:48
LH:43
BRF:0
BRH:0
end_of_record
TN:
SF:/Users/mac/Desktop/redis-test/src/test/trainee.spec.js
FN:12,(anonymous_0)
FN:17,(anonymous_1)
FN:22,(anonymous_2)
FN:35,(anonymous_3)
FN:47,(anonymous_4)
FN:63,(anonymous_5)
FN:75,(anonymous_6)
FN:81,(anonymous_7)
FN:93,(anonymous_8)
FN:99,(anonymous_9)
FN:111,(anonymous_10)
FN:117,(anonymous_11)
FN:129,(anonymous_12)
FN:163,(anonymous_13)
FN:175,(anonymous_14)
FN:182,(anonymous_15)
FN:194,(anonymous_16)
FN:200,(anonymous_17)
FN:212,(anonymous_18)
FN:218,(anonymous_19)
FN:230,(anonymous_20)
FN:236,(anonymous_21)
FN:248,(anonymous_22)
FNF:23
FNH:23
FNDA:1,(anonymous_0)
FNDA:1,(anonymous_1)
FNDA:1,(anonymous_2)
FNDA:1,(anonymous_3)
FNDA:1,(anonymous_4)
FNDA:1,(anonymous_5)
FNDA:1,(anonymous_6)
FNDA:1,(anonymous_7)
FNDA:1,(anonymous_8)
FNDA:1,(anonymous_9)
FNDA:1,(anonymous_10)
FNDA:1,(anonymous_11)
FNDA:1,(anonymous_12)
FNDA:1,(anonymous_13)
FNDA:1,(anonymous_14)
FNDA:1,(anonymous_15)
FNDA:1,(anonymous_16)
FNDA:1,(anonymous_17)
FNDA:1,(anonymous_18)
FNDA:1,(anonymous_19)
FNDA:1,(anonymous_20)
FNDA:1,(anonymous_21)
FNDA:1,(anonymous_22)
DA:1,1
DA:2,1
DA:4,1
DA:6,1
DA:7,1
DA:8,1
DA:12,1
DA:13,1
DA:17,1
DA:18,1
DA:23,1
DA:24,1
DA:25,1
DA:26,1
DA:27,1
DA:28,1
DA:29,1
DA:30,1
DA:31,1
DA:35,1
DA:36,1
DA:42,1
DA:48,1
DA:49,1
DA:50,1
DA:51,1
DA:52,1
DA:53,1
DA:54,1
DA:55,1
DA:56,1
DA:57,1
DA:58,1
DA:59,1
DA:63,1
DA:64,1
DA:70,1
DA:76,1
DA:77,1
DA:78,1
DA:81,1
DA:82,1
DA:88,1
DA:94,1
DA:95,1
DA:96,1
DA:99,1
DA:100,1
DA:106,1
DA:112,1
DA:113,1
DA:114,1
DA:117,1
DA:118,1
DA:124,1
DA:130,1
DA:131,1
DA:132,1
DA:163,1
DA:164,1
DA:170,1
DA:176,1
DA:177,1
DA:178,1
DA:182,1
DA:183,1
DA:189,1
DA:195,1
DA:196,1
DA:197,1
DA:200,1
DA:201,1
DA:207,1
DA:213,1
DA:214,1
DA:215,1
DA:218,1
DA:219,1
DA:225,1
DA:231,1
DA:232,1
DA:233,1
DA:236,1
DA:237,1
DA:243,1
DA:249,1
DA:250,1
DA:251,1
LF:88
LH:88
BRF:0
BRH:0
end_of_record
